********************************************************************************
*                             Initializing Cubiquity                           *
********************************************************************************
[13:05:33, Info   ]: Creating voxel database from 'C:/Users/Admin/Desktop/Projekte/Git_Repos/ZooManager/Assets/StreamingAssets/Cubiquity/VoxelDatabases/2CC1BE91.vdb'
[13:11:26, Info   ]: Creating voxel database from 'C:/Users/Admin/Desktop/Projekte/Git_Repos/ZooManager/Assets/StreamingAssets/Cubiquity/VoxelDatabases/2CC1BE91.vdb'
[13:15:37, Info   ]: Creating voxel database from 'C:/Users/Admin/Desktop/Projekte/Git_Repos/ZooManager/Assets/StreamingAssets/Cubiquity/VoxelDatabases/2CC1BE91.vdb'
[13:16:13, Info   ]: Creating voxel database from 'C:/Users/Admin/Desktop/Projekte/Git_Repos/ZooManager/Assets/StreamingAssets/Cubiquity/VoxelDatabases/2CC1BE91.vdb'
[13:16:38, Info   ]: Creating voxel database from 'C:/Users/Admin/Desktop/Projekte/Git_Repos/ZooManager/Assets/StreamingAssets/Cubiquity/VoxelDatabases/2CC1BE91.vdb'
[13:32:00, Info   ]: Creating voxel database from 'C:/Users/Admin/Desktop/Projekte/Git_Repos/ZooManager/Assets/StreamingAssets/Cubiquity/VoxelDatabases/2CC1BE91.vdb'
[13:32:26, Info   ]: Creating voxel database from 'C:/Users/Admin/Desktop/Projekte/Git_Repos/ZooManager/Assets/StreamingAssets/Cubiquity/VoxelDatabases/2CC1BE91.vdb'
[13:33:05, Info   ]: Creating voxel database from 'C:/Users/Admin/Desktop/Projekte/Git_Repos/ZooManager/Assets/StreamingAssets/Cubiquity/VoxelDatabases/2CC1BE91.vdb'
[13:33:34, Info   ]: Resizing compressed data buffer to 288486bytes. This should only happen once
[13:33:34, Info   ]: Creating voxel database from 'C:/Users/Admin/Desktop/Projekte/Git_Repos/ZooManager/Assets/StreamingAssets/Cubiquity/VoxelDatabases/2CC1BE91.vdb'
[13:35:45, Info   ]: Creating voxel database from 'C:/Users/Admin/Desktop/Projekte/Git_Repos/ZooManager/Assets/StreamingAssets/Cubiquity/VoxelDatabases/2CC1BE91.vdb'
[13:38:33, Info   ]: Resizing compressed data buffer to 288486bytes. This should only happen once
[13:38:34, Info   ]: Creating voxel database from 'C:/Users/Admin/Desktop/Projekte/Git_Repos/ZooManager/Assets/StreamingAssets/Cubiquity/VoxelDatabases/2CC1BE91.vdb'
[13:39:20, Info   ]: Creating voxel database from 'C:/Users/Admin/Desktop/Projekte/Git_Repos/ZooManager/Assets/StreamingAssets/Cubiquity/VoxelDatabases/2CC1BE91.vdb'
[13:39:25, Info   ]: Creating voxel database from 'C:/Users/Admin/Desktop/Projekte/Git_Repos/ZooManager/Assets/StreamingAssets/Cubiquity/VoxelDatabases/2CC1BE91.vdb'
[13:39:36, Info   ]: Creating voxel database from 'C:/Users/Admin/Desktop/Projekte/Git_Repos/ZooManager/Assets/StreamingAssets/Cubiquity/VoxelDatabases/2CC1BE91.vdb'
[13:55:22, Info   ]: Creating voxel database from 'C:/Users/Admin/Desktop/Projekte/Git_Repos/ZooManager/Assets/StreamingAssets/Cubiquity/VoxelDatabases/2CC1BE91.vdb'
[13:56:57, Info   ]: Creating voxel database from 'C:/Users/Admin/Desktop/Projekte/Git_Repos/ZooManager/Assets/StreamingAssets/Cubiquity/VoxelDatabases/2CC1BE91.vdb'
[13:57:00, Info   ]: Creating voxel database from 'C:/Users/Admin/Desktop/Projekte/Git_Repos/ZooManager/Assets/StreamingAssets/Cubiquity/VoxelDatabases/2CC1BE91.vdb'
[13:57:07, Info   ]: Creating voxel database from 'C:/Users/Admin/Desktop/Projekte/Git_Repos/ZooManager/Assets/StreamingAssets/Cubiquity/VoxelDatabases/2CC1BE91.vdb'
[14:02:56, Info   ]: Creating voxel database from 'C:/Users/Admin/Desktop/Projekte/Git_Repos/ZooManager/Assets/StreamingAssets/Cubiquity/VoxelDatabases/2CC1BE91.vdb'
[14:02:58, Info   ]: Creating voxel database from 'C:/Users/Admin/Desktop/Projekte/Git_Repos/ZooManager/Assets/StreamingAssets/Cubiquity/VoxelDatabases/2CC1BE91.vdb'
[14:03:13, Info   ]: Creating voxel database from 'C:/Users/Admin/Desktop/Projekte/Git_Repos/ZooManager/Assets/StreamingAssets/Cubiquity/VoxelDatabases/2CC1BE91.vdb'
[14:03:20, Info   ]: Creating voxel database from 'C:/Users/Admin/Desktop/Projekte/Git_Repos/ZooManager/Assets/StreamingAssets/Cubiquity/VoxelDatabases/2CC1BE91.vdb'
[14:03:33, Info   ]: Creating voxel database from 'C:/Users/Admin/Desktop/Projekte/Git_Repos/ZooManager/Assets/StreamingAssets/Cubiquity/VoxelDatabases/2CC1BE91.vdb'
[14:03:58, Info   ]: Creating voxel database from 'C:/Users/Admin/Desktop/Projekte/Git_Repos/ZooManager/Assets/StreamingAssets/Cubiquity/VoxelDatabases/2CC1BE91.vdb'
[14:04:00, Info   ]: Creating voxel database from 'C:/Users/Admin/Desktop/Projekte/Git_Repos/ZooManager/Assets/StreamingAssets/Cubiquity/VoxelDatabases/2CC1BE91.vdb'
[14:05:53, Info   ]: Creating voxel database from 'C:/Users/Admin/Desktop/Projekte/Git_Repos/ZooManager/Assets/StreamingAssets/Cubiquity/VoxelDatabases/2CC1BE91.vdb'
[14:09:24, Info   ]: Creating voxel database from 'C:/Users/Admin/Desktop/Projekte/Git_Repos/ZooManager/Assets/StreamingAssets/Cubiquity/VoxelDatabases/2CC1BE91.vdb'
[14:16:45, Info   ]: Creating voxel database from 'C:/Users/Admin/Desktop/Projekte/Git_Repos/ZooManager/Assets/StreamingAssets/Cubiquity/VoxelDatabases/2CC1BE91.vdb'
********************************************************************************
*                             Shutting down Cubiquity                          *
********************************************************************************

